<?xml version="1.0" encoding="UTF-8"?>
<!-- Generated by org.testng.reporters.JUnitReportReporter -->
<testsuite skipped="0" hostname="DESKTOP-9GG9HIN" name="Sample1.Test1" tests="1" failures="0" timestamp="04 Aug 2022 14:44:09 GMT" time="10.010" errors="0">
  <testcase name="validateGoogle" time="10.010" classname="Sample1.Test1"/>
</testsuite> <!-- Sample1.Test1 -->
